c:\users\alexd\documents\squash-master\squashgame\debug\vc141.pdb
c:\users\alexd\documents\squash-master\squashgame\debug\vc141.idb
c:\users\alexd\documents\squash-master\squashgame\debug\interaction.obj
c:\users\alexd\documents\squash-master\squashgame\debug\initialization.obj
c:\users\alexd\documents\squash-master\squashgame\debug\display.obj
c:\users\alexd\documents\squash-master\squashgame\debug\application.obj
c:\users\alexd\documents\squash-master\squashgame\debug\shapes.obj
c:\users\alexd\documents\squash-master\squashgame\debug\print.obj
c:\users\alexd\documents\squash-master\squashgame\debug\globals.obj
c:\users\alexd\documents\squash-master\squashgame\debug\error.obj
c:\users\alexd\documents\squash-master\squashgame\debug\draw.obj
c:\users\alexd\documents\squash-master\squashgame\debug\texture.obj
c:\users\alexd\documents\squash-master\squashgame\debug\stb_image.obj
c:\users\alexd\documents\squash-master\debug\squashgame.exe
c:\users\alexd\documents\squash-master\debug\squashgame.ilk
c:\users\alexd\documents\squash-master\debug\squashgame.pdb
c:\users\alexd\documents\squash-master\squashgame\debug\textures.obj
c:\users\alexd\documents\squash-master\squashgame\debug\display.obj.enc
c:\users\alexd\documents\squash-master\squashgame\debug\draw.obj.enc
c:\users\alexd\documents\squash-master\squashgame\debug\globals.new.obj.enc
c:\users\alexd\documents\squash-master\squashgame\debug\initialization.new.obj.enc
c:\users\alexd\documents\squash-master\squashgame\debug\interaction.obj.enc
c:\users\alexd\documents\squash-master\squashgame\debug\squashgame.tlog\cl.command.1.tlog
c:\users\alexd\documents\squash-master\squashgame\debug\squashgame.tlog\cl.read.1.tlog
c:\users\alexd\documents\squash-master\squashgame\debug\squashgame.tlog\cl.write.1.tlog
c:\users\alexd\documents\squash-master\squashgame\debug\squashgame.tlog\link.command.1.tlog
c:\users\alexd\documents\squash-master\squashgame\debug\squashgame.tlog\link.read.1.tlog
c:\users\alexd\documents\squash-master\squashgame\debug\squashgame.tlog\link.write.1.tlog
